NewCCQuser/build/outputs/logs/manifest-merger-debug-report.txt
-- Merging decision tree log ---
manifest
ADDED from src\main\AndroidManifest.xml:2:1-818:12
	package
		ADDED from src\main\AndroidManifest.xml:3:5-28
		INJECTED from src\main\AndroidManifest.xml
		INJECTED from src\main\AndroidManifest.xml
	android:versionName
		ADDED from src\main\AndroidManifest.xml:5:5-32
		INJECTED from src\main\AndroidManifest.xml
		INJECTED from src\main\AndroidManifest.xml
	android:versionCode
		ADDED from src\main\AndroidManifest.xml:4:5-30
		INJECTED from src\main\AndroidManifest.xml
		INJECTED from src\main\AndroidManifest.xml
	xmlns:android
		ADDED from src\main\AndroidManifest.xml:2:11-69
uses-sdk
ADDED from src\main\AndroidManifest.xml:7:5-9:41
MERGED from [androiduser:MaterialRefresh:unspecified] AndroidManifest.xml:6:5-8:41
MERGED from [androiduser:CCQShareSDK:unspecified] AndroidManifest.xml:7:5-9:41
MERGED from [pub.devrel:easypermissions:0.1.9] AndroidManifest.xml:8:5-10:41
MERGED from [com.android.support:appcompat-v7:23.4.0] AndroidManifest.xml:21:5-23:78
MERGED from [com.android.support:animated-vector-drawable:23.4.0] AndroidManifest.xml:5:5-44
MERGED from [com.android.support:support-vector-drawable:23.4.0] AndroidManifest.xml:5:5-43
MERGED from [com.android.support:support-v4:25.3.1] AndroidManifest.xml:21:5-23:54
MERGED from [com.android.support:support-fragment:25.3.1] AndroidManifest.xml:21:5-23:60
MERGED from [com.android.support:support-media-compat:25.3.1] AndroidManifest.xml:21:5-23:63
MERGED from [com.android.support:support-core-ui:25.3.1] AndroidManifest.xml:21:5-23:58
MERGED from [com.android.support:support-core-utils:25.3.1] AndroidManifest.xml:21:5-23:61
MERGED from [com.android.support:support-compat:25.3.1] AndroidManifest.xml:21:5-23:58
	tools:overrideLibrary
		ADDED from [com.android.support:appcompat-v7:23.4.0] AndroidManifest.xml:23:9-75
	android:targetSdkVersion
		ADDED from src\main\AndroidManifest.xml:9:9-38
		INJECTED from src\main\AndroidManifest.xml
		INJECTED from src\main\AndroidManifest.xml
	android:minSdkVersion
		ADDED from src\main\AndroidManifest.xml:8:9-35
		INJECTED from src\main\AndroidManifest.xml
		INJECTED from src\main\AndroidManifest.xml
uses-permission#android.permission.INTERNET
ADDED from src\main\AndroidManifest.xml:11:5-67
	android:name
		ADDED from src\main\AndroidManifest.xml:11:22-64
uses-permission#android.permission.WRITE_EXTERNAL_STORAGE
ADDED from src\main\AndroidManifest.xml:14:5-81
	android:name
		ADDED from src\main\AndroidManifest.xml:14:22-78
uses-permission#android.permission.ACCESS_COARSE_LOCATION
ADDED from src\main\AndroidManifest.xml:15:5-81
	android:name
		ADDED from src\main\AndroidManifest.xml:15:22-78
uses-permission#android.permission.ACCESS_NETWORK_STATE
ADDED from src\main\AndroidManifest.xml:16:5-79
	android:name
		ADDED from src\main\AndroidManifest.xml:16:22-76
uses-permission#android.permission.ACCESS_FINE_LOCATION
ADDED from src\main\AndroidManifest.xml:17:5-79
	android:name
		ADDED from src\main\AndroidManifest.xml:17:22-76
uses-permission#android.permission.READ_PHONE_STATE
ADDED from src\main\AndroidManifest.xml:18:5-75
	android:name
		ADDED from src\main\AndroidManifest.xml:18:22-72
uses-permission#android.permission.CHANGE_WIFI_STATE
ADDED from src\main\AndroidManifest.xml:19:5-76
	android:name
		ADDED from src\main\AndroidManifest.xml:19:22-73
uses-permission#android.permission.ACCESS_WIFI_STATE
ADDED from src\main\AndroidManifest.xml:20:5-76
	android:name
		ADDED from src\main\AndroidManifest.xml:20:22-73
uses-permission#android.permission.WAKE_LOCK
ADDED from src\main\AndroidManifest.xml:21:5-68
	android:name
		ADDED from src\main\AndroidManifest.xml:21:22-65
uses-permission#android.permission.CHANGE_CONFIGURATION
ADDED from src\main\AndroidManifest.xml:29:5-79
	android:name
		ADDED from src\main\AndroidManifest.xml:29:22-76
uses-permission#android.permission.READ_EXTERNAL_STORAGE
ADDED from src\main\AndroidManifest.xml:42:5-80
	android:name
		ADDED from src\main\AndroidManifest.xml:42:22-77
uses-permission#android.permission.WRITE_SETTINGS
ADDED from src\main\AndroidManifest.xml:46:5-73
	android:name
		ADDED from src\main\AndroidManifest.xml:46:22-70
uses-permission#android.permission.ACCESS_LOCATION_EXTRA_COMMANDS
ADDED from src\main\AndroidManifest.xml:47:5-89
	android:name
		ADDED from src\main\AndroidManifest.xml:47:22-86
uses-permission#android.permission.GET_ACCOUNTS
ADDED from src\main\AndroidManifest.xml:52:5-71
	android:name
		ADDED from src\main\AndroidManifest.xml:52:22-68
uses-permission#android.permission.MANAGE_ACCOUNTS
ADDED from src\main\AndroidManifest.xml:53:5-74
	android:name
		ADDED from src\main\AndroidManifest.xml:53:22-71
uses-permission#android.permission.GET_TASKS
ADDED from src\main\AndroidManifest.xml:56:5-68
	android:name
		ADDED from src\main\AndroidManifest.xml:56:22-65
uses-permission#android.permission.CHANGE_NETWORK_STATE
ADDED from src\main\AndroidManifest.xml:58:5-79
	android:name
		ADDED from src\main\AndroidManifest.xml:58:22-76
uses-permission#android.permission.VIBRATE
ADDED from src\main\AndroidManifest.xml:60:5-66
	android:name
		ADDED from src\main\AndroidManifest.xml:60:22-63
uses-permission#android.permission.CAMERA
ADDED from src\main\AndroidManifest.xml:61:5-65
	android:name
		ADDED from src\main\AndroidManifest.xml:61:22-62
uses-permission#android.permission.CALL_PHONE
ADDED from src\main\AndroidManifest.xml:62:5-69
	android:name
		ADDED from src\main\AndroidManifest.xml:62:22-66
uses-permission#android.permission.FLASHLIGHT
ADDED from src\main\AndroidManifest.xml:65:5-69
	android:name
		ADDED from src\main\AndroidManifest.xml:65:22-66
uses-permission#android.permission.GET_TOP_ACTIVITY_INFO
ADDED from src\main\AndroidManifest.xml:68:5-80
	android:name
		ADDED from src\main\AndroidManifest.xml:68:22-77
permission#ccj.yun28.com.permission.JPUSH_MESSAGE
ADDED from src\main\AndroidManifest.xml:71:5-73:47
	android:protectionLevel
		ADDED from src\main\AndroidManifest.xml:73:9-44
	android:name
		ADDED from src\main\AndroidManifest.xml:72:9-62
uses-permission#ccj.yun28.com.permission.JPUSH_MESSAGE
ADDED from src\main\AndroidManifest.xml:75:5-78
	android:name
		ADDED from src\main\AndroidManifest.xml:75:22-75
uses-permission#android.permission.RECEIVE_USER_PRESENT
ADDED from src\main\AndroidManifest.xml:76:5-79
	android:name
		ADDED from src\main\AndroidManifest.xml:76:22-76
uses-permission#android.permission.MOUNT_UNMOUNT_FILESYSTEMS
ADDED from src\main\AndroidManifest.xml:84:5-84
	android:name
		ADDED from src\main\AndroidManifest.xml:84:22-81
application
ADDED from src\main\AndroidManifest.xml:96:5-816:19
MERGED from [pub.devrel:easypermissions:0.1.9] AndroidManifest.xml:12:5-20
MERGED from [com.android.support:appcompat-v7:23.4.0] AndroidManifest.xml:25:5-20
MERGED from [com.android.support:animated-vector-drawable:23.4.0] AndroidManifest.xml:7:5-20
MERGED from [com.android.support:support-vector-drawable:23.4.0] AndroidManifest.xml:7:5-20
MERGED from [com.android.support:support-v4:25.3.1] AndroidManifest.xml:29:5-20
MERGED from [com.android.support:support-fragment:25.3.1] AndroidManifest.xml:29:5-20
MERGED from [com.android.support:support-media-compat:25.3.1] AndroidManifest.xml:29:5-20
MERGED from [com.android.support:support-core-ui:25.3.1] AndroidManifest.xml:29:5-20
MERGED from [com.android.support:support-core-utils:25.3.1] AndroidManifest.xml:29:5-20
MERGED from [com.android.support:support-compat:25.3.1] AndroidManifest.xml:29:5-20
	android:label
		ADDED from src\main\AndroidManifest.xml:100:9-41
	android:allowBackup
		ADDED from src\main\AndroidManifest.xml:98:9-35
	android:icon
		ADDED from src\main\AndroidManifest.xml:99:9-38
	android:theme
		ADDED from src\main\AndroidManifest.xml:101:9-62
	android:name
		ADDED from src\main\AndroidManifest.xml:97:9-63
meta-data#UMENG_APPKEY
ADDED from src\main\AndroidManifest.xml:104:9-106:66
	android:value
		ADDED from src\main\AndroidManifest.xml:106:13-53
	android:name
		ADDED from src\main\AndroidManifest.xml:105:13-40
meta-data#UMENG_CHANNEL
ADDED from src\main\AndroidManifest.xml:107:9-109:35
	android:value
		ADDED from src\main\AndroidManifest.xml:109:13-32
	android:name
		ADDED from src\main\AndroidManifest.xml:108:13-41
meta-data#com.amap.api.v2.apikey
ADDED from src\main\AndroidManifest.xml:111:9-113:49
	android:value
		ADDED from src\main\AndroidManifest.xml:113:13-46
	android:name
		ADDED from src\main\AndroidManifest.xml:112:13-50
service#com.amap.api.location.APSService
ADDED from src\main\AndroidManifest.xml:115:9-76
	android:name
		ADDED from src\main\AndroidManifest.xml:115:18-65
activity#ccj.yun28.com.WelcomeActivity
ADDED from src\main\AndroidManifest.xml:118:9-128:20
	android:screenOrientation
		ADDED from src\main\AndroidManifest.xml:122:13-49
	android:label
		ADDED from src\main\AndroidManifest.xml:120:13-45
	android:launchMode
		ADDED from src\main\AndroidManifest.xml:121:13-48
	android:name
		ADDED from src\main\AndroidManifest.xml:119:13-44
intent-filter#android.intent.action.MAIN+android.intent.category.LAUNCHER
ADDED from src\main\AndroidManifest.xml:123:13-127:29
action#android.intent.action.MAIN
ADDED from src\main\AndroidManifest.xml:124:17-69
	android:name
		ADDED from src\main\AndroidManifest.xml:124:25-66
category#android.intent.category.LAUNCHER
ADDED from src\main\AndroidManifest.xml:126:17-77
	android:name
		ADDED from src\main\AndroidManifest.xml:126:27-74
activity#com.mob.tools.MobUIShell
ADDED from src\main\AndroidManifest.xml:138:9-150:20
	android:screenOrientation
		ADDED from src\main\AndroidManifest.xml:141:13-49
	android:windowSoftInputMode
		ADDED from src\main\AndroidManifest.xml:143:13-67
	android:configChanges
		ADDED from src\main\AndroidManifest.xml:140:13-74
	android:theme
		ADDED from src\main\AndroidManifest.xml:142:13-72
	android:name
		ADDED from src\main\AndroidManifest.xml:139:13-52
intent-filter#android.intent.category.DEFAULT+com.sina.weibo.sdk.action.ACTION_SDK_REQ_ACTIVITY
ADDED from src\main\AndroidManifest.xml:146:13-149:29
action#com.sina.weibo.sdk.action.ACTION_SDK_REQ_ACTIVITY
ADDED from src\main\AndroidManifest.xml:147:17-92
	android:name
		ADDED from src\main\AndroidManifest.xml:147:25-89
category#android.intent.category.DEFAULT
ADDED from src\main\AndroidManifest.xml:148:17-76
	android:name
		ADDED from src\main\AndroidManifest.xml:148:27-73
activity#ccj.yun28.com.wxapi.WXPayEntryActivity
ADDED from src\main\AndroidManifest.xml:164:9-167:46
	android:launchMode
		ADDED from src\main\AndroidManifest.xml:167:13-43
	android:exported
		ADDED from src\main\AndroidManifest.xml:166:13-36
	android:name
		ADDED from src\main\AndroidManifest.xml:165:13-53
activity#ccj.yun28.com.wxapi.WXEntryActivity
ADDED from src\main\AndroidManifest.xml:169:9-172:46
	android:launchMode
		ADDED from src\main\AndroidManifest.xml:172:13-43
	android:exported
		ADDED from src\main\AndroidManifest.xml:171:13-36
	android:name
		ADDED from src\main\AndroidManifest.xml:170:13-50
activity#ccj.yun28.com.LoginActivity
ADDED from src\main\AndroidManifest.xml:174:9-178:52
	android:screenOrientation
		ADDED from src\main\AndroidManifest.xml:178:13-49
	android:label
		ADDED from src\main\AndroidManifest.xml:176:13-45
	android:launchMode
		ADDED from src\main\AndroidManifest.xml:177:13-48
	android:name
		ADDED from src\main\AndroidManifest.xml:175:13-42
activity#ccj.yun28.com.GuideActivity
ADDED from src\main\AndroidManifest.xml:180:9-182:52
	android:screenOrientation
		ADDED from src\main\AndroidManifest.xml:182:13-49
	android:name
		ADDED from src\main\AndroidManifest.xml:181:13-42
activity#ccj.yun28.com.MainActivity
ADDED from src\main\AndroidManifest.xml:184:9-186:52
	android:screenOrientation
		ADDED from src\main\AndroidManifest.xml:186:13-49
	android:name
		ADDED from src\main\AndroidManifest.xml:185:13-41
activity#ccj.yun28.com.MainActivity1
ADDED from src\main\AndroidManifest.xml:187:9-189:52
	android:screenOrientation
		ADDED from src\main\AndroidManifest.xml:189:13-49
	android:name
		ADDED from src\main\AndroidManifest.xml:188:13-42
activity#ccj.yun28.com.ZhuCeActivity
ADDED from src\main\AndroidManifest.xml:191:9-193:52
	android:screenOrientation
		ADDED from src\main\AndroidManifest.xml:193:13-49
	android:name
		ADDED from src\main\AndroidManifest.xml:192:13-42
activity#ccj.yun28.com.ForgetMMActivity
ADDED from src\main\AndroidManifest.xml:195:9-197:52
	android:screenOrientation
		ADDED from src\main\AndroidManifest.xml:197:13-49
	android:name
		ADDED from src\main\AndroidManifest.xml:196:13-45
activity#ccj.yun28.com.PhoneYZActivity
ADDED from src\main\AndroidManifest.xml:199:9-201:52
	android:screenOrientation
		ADDED from src\main\AndroidManifest.xml:201:13-49
	android:name
		ADDED from src\main\AndroidManifest.xml:200:13-44
activity#ccj.yun28.com.SetMMActivity
ADDED from src\main\AndroidManifest.xml:203:9-205:52
	android:screenOrientation
		ADDED from src\main\AndroidManifest.xml:205:13-49
	android:name
		ADDED from src\main\AndroidManifest.xml:204:13-42
activity#ccj.yun28.com.RZPhoneActivity
ADDED from src\main\AndroidManifest.xml:207:9-209:52
	android:screenOrientation
		ADDED from src\main\AndroidManifest.xml:209:13-49
	android:name
		ADDED from src\main\AndroidManifest.xml:208:13-44
activity#ccj.yun28.com.FindPasswordActivtiy
ADDED from src\main\AndroidManifest.xml:211:9-213:52
	android:screenOrientation
		ADDED from src\main\AndroidManifest.xml:213:13-49
	android:name
		ADDED from src\main\AndroidManifest.xml:212:13-49
activity#ccj.yun28.com.MMRegistActivity
ADDED from src\main\AndroidManifest.xml:215:9-217:52
	android:screenOrientation
		ADDED from src\main\AndroidManifest.xml:217:13-49
	android:name
		ADDED from src\main\AndroidManifest.xml:216:13-45
activity#ccj.yun28.com.sy.SearchActivity
ADDED from src\main\AndroidManifest.xml:219:9-221:52
	android:screenOrientation
		ADDED from src\main\AndroidManifest.xml:221:13-49
	android:name
		ADDED from src\main\AndroidManifest.xml:220:13-46
activity#ccj.yun28.com.view.WebviewActivity
ADDED from src\main\AndroidManifest.xml:223:9-225:52
	android:screenOrientation
		ADDED from src\main\AndroidManifest.xml:225:13-49
	android:name
		ADDED from src\main\AndroidManifest.xml:224:13-49
activity#ccj.yun28.com.sy.SaoYiSaoActivity
ADDED from src\main\AndroidManifest.xml:227:9-229:52
	android:screenOrientation
		ADDED from src\main\AndroidManifest.xml:229:13-49
	android:name
		ADDED from src\main\AndroidManifest.xml:228:13-48
activity#ccj.yun28.com.sy.FenleiActivity
ADDED from src\main\AndroidManifest.xml:231:9-233:52
	android:screenOrientation
		ADDED from src\main\AndroidManifest.xml:233:13-49
	android:name
		ADDED from src\main\AndroidManifest.xml:232:13-46
activity#ccj.yun28.com.sy.MessageActivcity
ADDED from src\main\AndroidManifest.xml:235:9-237:52
	android:screenOrientation
		ADDED from src\main\AndroidManifest.xml:237:13-49
	android:name
		ADDED from src\main\AndroidManifest.xml:236:13-48
activity#ccj.yun28.com.sy.WuLiuActivity
ADDED from src\main\AndroidManifest.xml:239:9-241:52
	android:screenOrientation
		ADDED from src\main\AndroidManifest.xml:241:13-49
	android:name
		ADDED from src\main\AndroidManifest.xml:240:13-45
activity#ccj.yun28.com.sy.TongZhiActivity
ADDED from src\main\AndroidManifest.xml:243:9-245:52
	android:screenOrientation
		ADDED from src\main\AndroidManifest.xml:245:13-49
	android:name
		ADDED from src\main\AndroidManifest.xml:244:13-47
activity#ccj.yun28.com.sy.HuodongActivity
ADDED from src\main\AndroidManifest.xml:247:9-249:52
	android:screenOrientation
		ADDED from src\main\AndroidManifest.xml:249:13-49
	android:name
		ADDED from src\main\AndroidManifest.xml:248:13-47
activity#ccj.yun28.com.sy.MessageEveryDetailActivtiy
ADDED from src\main\AndroidManifest.xml:251:9-253:52
	android:screenOrientation
		ADDED from src\main\AndroidManifest.xml:253:13-49
	android:name
		ADDED from src\main\AndroidManifest.xml:252:13-58
activity#ccj.yun28.com.sy.ProductDetailActivity
ADDED from src\main\AndroidManifest.xml:255:9-257:52
	android:screenOrientation
		ADDED from src\main\AndroidManifest.xml:257:13-49
	android:name
		ADDED from src\main\AndroidManifest.xml:256:13-53
activity#ccj.yun28.com.sy.YqzcActivity
ADDED from src\main\AndroidManifest.xml:259:9-261:52
	android:screenOrientation
		ADDED from src\main\AndroidManifest.xml:261:13-49
	android:name
		ADDED from src\main\AndroidManifest.xml:260:13-44
activity#ccj.yun28.com.sy.SearchProductResultActivity
ADDED from src\main\AndroidManifest.xml:263:9-265:52
	android:screenOrientation
		ADDED from src\main\AndroidManifest.xml:265:13-49
	android:name
		ADDED from src\main\AndroidManifest.xml:264:13-59
activity#ccj.yun28.com.sy.SearchShopResultActivity
ADDED from src\main\AndroidManifest.xml:267:9-269:52
	android:screenOrientation
		ADDED from src\main\AndroidManifest.xml:269:13-49
	android:name
		ADDED from src\main\AndroidManifest.xml:268:13-56
activity#ccj.yun28.com.sy.SearchCCQResultActivity
ADDED from src\main\AndroidManifest.xml:271:9-273:52
	android:screenOrientation
		ADDED from src\main\AndroidManifest.xml:273:13-49
	android:name
		ADDED from src\main\AndroidManifest.xml:272:13-55
activity#ccj.yun28.com.sy.SearchCCQProResultActivity
ADDED from src\main\AndroidManifest.xml:274:9-276:52
	android:screenOrientation
		ADDED from src\main\AndroidManifest.xml:276:13-49
	android:name
		ADDED from src\main\AndroidManifest.xml:275:13-58
activity#ccj.yun28.com.ccq.AllCcqJuanActivity
ADDED from src\main\AndroidManifest.xml:278:9-280:52
	android:screenOrientation
		ADDED from src\main\AndroidManifest.xml:280:13-49
	android:name
		ADDED from src\main\AndroidManifest.xml:279:13-51
activity#ccj.yun28.com.ccq.AllCcqShopActivity
ADDED from src\main\AndroidManifest.xml:282:9-284:52
	android:screenOrientation
		ADDED from src\main\AndroidManifest.xml:284:13-49
	android:name
		ADDED from src\main\AndroidManifest.xml:283:13-51
activity#ccj.yun28.com.ccq.NewHuiyuanGetVipActivity
ADDED from src\main\AndroidManifest.xml:286:9-288:52
	android:screenOrientation
		ADDED from src\main\AndroidManifest.xml:288:13-49
	android:name
		ADDED from src\main\AndroidManifest.xml:287:13-57
activity#ccj.yun28.com.ccq.ChaoZhiQuanActivity
ADDED from src\main\AndroidManifest.xml:290:9-292:52
	android:screenOrientation
		ADDED from src\main\AndroidManifest.xml:292:13-49
	android:name
		ADDED from src\main\AndroidManifest.xml:291:13-52
activity#ccj.yun28.com.ccq.NewChaoJiQuanActivity
ADDED from src\main\AndroidManifest.xml:294:9-296:52
	android:screenOrientation
		ADDED from src\main\AndroidManifest.xml:296:13-49
	android:name
		ADDED from src\main\AndroidManifest.xml:295:13-54
activity#ccj.yun28.com.ccq.BaWangCanActivity
ADDED from src\main\AndroidManifest.xml:299:9-301:52
	android:screenOrientation
		ADDED from src\main\AndroidManifest.xml:301:13-49
	android:name
		ADDED from src\main\AndroidManifest.xml:300:13-50
activity#ccj.yun28.com.ccq.NewBaWangCanActivity
ADDED from src\main\AndroidManifest.xml:302:9-304:52
	android:screenOrientation
		ADDED from src\main\AndroidManifest.xml:304:13-49
	android:name
		ADDED from src\main\AndroidManifest.xml:303:13-53
activity#ccj.yun28.com.ccq.AllPinjiaActivtiy
ADDED from src\main\AndroidManifest.xml:306:9-308:52
	android:screenOrientation
		ADDED from src\main\AndroidManifest.xml:308:13-49
	android:name
		ADDED from src\main\AndroidManifest.xml:307:13-50
activity#ccj.yun28.com.ccq.CCQStoreDetailActivity
ADDED from src\main\AndroidManifest.xml:310:9-312:52
	android:screenOrientation
		ADDED from src\main\AndroidManifest.xml:312:13-49
	android:name
		ADDED from src\main\AndroidManifest.xml:311:13-55
activity#ccj.yun28.com.ccq.storeHuanjingPicActivity
ADDED from src\main\AndroidManifest.xml:314:9-316:52
	android:screenOrientation
		ADDED from src\main\AndroidManifest.xml:316:13-49
	android:name
		ADDED from src\main\AndroidManifest.xml:315:13-57
activity#ccj.yun28.com.mine.ZhifuSuccessActivity
ADDED from src\main\AndroidManifest.xml:318:9-320:52
	android:screenOrientation
		ADDED from src\main\AndroidManifest.xml:320:13-49
	android:name
		ADDED from src\main\AndroidManifest.xml:319:13-54
activity#ccj.yun28.com.ccq.ChooseCityActivity
ADDED from src\main\AndroidManifest.xml:322:9-324:52
	android:screenOrientation
		ADDED from src\main\AndroidManifest.xml:324:13-49
	android:name
		ADDED from src\main\AndroidManifest.xml:323:13-51
activity#ccj.yun28.com.ccq.CcqProDetailActivity
ADDED from src\main\AndroidManifest.xml:326:9-328:52
	android:screenOrientation
		ADDED from src\main\AndroidManifest.xml:328:13-49
	android:name
		ADDED from src\main\AndroidManifest.xml:327:13-53
activity#ccj.yun28.com.ccq.NewCcqProDetailActivity
ADDED from src\main\AndroidManifest.xml:330:9-332:52
	android:screenOrientation
		ADDED from src\main\AndroidManifest.xml:332:13-49
	android:name
		ADDED from src\main\AndroidManifest.xml:331:13-56
activity#ccj.yun28.com.sy.BuyZKJActivity
ADDED from src\main\AndroidManifest.xml:334:9-336:52
	android:screenOrientation
		ADDED from src\main\AndroidManifest.xml:336:13-49
	android:name
		ADDED from src\main\AndroidManifest.xml:335:13-46
activity#ccj.yun28.com.ccq.CcqShouYinTaiActivity
ADDED from src\main\AndroidManifest.xml:338:9-340:52
	android:screenOrientation
		ADDED from src\main\AndroidManifest.xml:340:13-49
	android:name
		ADDED from src\main\AndroidManifest.xml:339:13-54
activity#ccj.yun28.com.ccq.CcqTagDetailActivity
ADDED from src\main\AndroidManifest.xml:342:9-344:52
	android:screenOrientation
		ADDED from src\main\AndroidManifest.xml:344:13-49
	android:name
		ADDED from src\main\AndroidManifest.xml:343:13-53
activity#ccj.yun28.com.ccq.XfmdAcyiviy
ADDED from src\main\AndroidManifest.xml:346:9-348:52
	android:screenOrientation
		ADDED from src\main\AndroidManifest.xml:348:13-49
	android:name
		ADDED from src\main\AndroidManifest.xml:347:13-44
activity#ccj.yun28.com.ccq.XfmdShouYinTaiActivity
ADDED from src\main\AndroidManifest.xml:350:9-352:52
	android:screenOrientation
		ADDED from src\main\AndroidManifest.xml:352:13-49
	android:name
		ADDED from src\main\AndroidManifest.xml:351:13-55
activity#ccj.yun28.com.gwc.TianxieDindanActivity
ADDED from src\main\AndroidManifest.xml:354:9-356:52
	android:screenOrientation
		ADDED from src\main\AndroidManifest.xml:356:13-49
	android:name
		ADDED from src\main\AndroidManifest.xml:355:13-54
activity#ccj.yun28.com.gwc.GwcShouYinTaiActivity
ADDED from src\main\AndroidManifest.xml:358:9-360:52
	android:screenOrientation
		ADDED from src\main\AndroidManifest.xml:360:13-49
	android:name
		ADDED from src\main\AndroidManifest.xml:359:13-54
activity#ccj.yun28.com.gwc.FaPiaoInfoActivity
ADDED from src\main\AndroidManifest.xml:362:9-364:52
	android:screenOrientation
		ADDED from src\main\AndroidManifest.xml:364:13-49
	android:name
		ADDED from src\main\AndroidManifest.xml:363:13-51
activity#ccj.yun28.com.mine.MyAddressActivity
ADDED from src\main\AndroidManifest.xml:366:9-368:52
	android:screenOrientation
		ADDED from src\main\AndroidManifest.xml:368:13-49
	android:name
		ADDED from src\main\AndroidManifest.xml:367:13-51
activity#ccj.yun28.com.mine.AddAdressActivity
ADDED from src\main\AndroidManifest.xml:370:9-372:52
	android:screenOrientation
		ADDED from src\main\AndroidManifest.xml:372:13-49
	android:name
		ADDED from src\main\AndroidManifest.xml:371:13-51
activity#ccj.yun28.com.mine.AllDinDanActivtiy
ADDED from src\main\AndroidManifest.xml:374:9-376:52
	android:screenOrientation
		ADDED from src\main\AndroidManifest.xml:376:13-49
	android:name
		ADDED from src\main\AndroidManifest.xml:375:13-51
activity#ccj.yun28.com.neworder.MyOrderFrament
ADDED from src\main\AndroidManifest.xml:377:9-379:52
	android:screenOrientation
		ADDED from src\main\AndroidManifest.xml:379:13-49
	android:name
		ADDED from src\main\AndroidManifest.xml:378:13-52
activity#ccj.yun28.com.mine.Mine_Dindan_TianxieDindanActivity
ADDED from src\main\AndroidManifest.xml:381:9-383:52
	android:screenOrientation
		ADDED from src\main\AndroidManifest.xml:383:13-49
	android:name
		ADDED from src\main\AndroidManifest.xml:382:13-67
activity#ccj.yun28.com.mine.Mine_DinDan_BuyZKJActivity
ADDED from src\main\AndroidManifest.xml:385:9-387:52
	android:screenOrientation
		ADDED from src\main\AndroidManifest.xml:387:13-49
	android:name
		ADDED from src\main\AndroidManifest.xml:386:13-60
activity#ccj.yun28.com.mine.ChaKanWuLiuActivity
ADDED from src\main\AndroidManifest.xml:389:9-391:52
	android:screenOrientation
		ADDED from src\main\AndroidManifest.xml:391:13-49
	android:name
		ADDED from src\main\AndroidManifest.xml:390:13-53
activity#ccj.yun28.com.mine.ChaKanJuanMaActivity
ADDED from src\main\AndroidManifest.xml:393:9-395:52
	android:screenOrientation
		ADDED from src\main\AndroidManifest.xml:395:13-49
	android:name
		ADDED from src\main\AndroidManifest.xml:394:13-54
activity#ccj.yun28.com.mine.QuPingJiaActivity
ADDED from src\main\AndroidManifest.xml:397:9-399:52
	android:screenOrientation
		ADDED from src\main\AndroidManifest.xml:399:13-49
	android:name
		ADDED from src\main\AndroidManifest.xml:398:13-51
activity#ccj.yun28.com.mine.XSQuPingJiaActivity
ADDED from src\main\AndroidManifest.xml:401:9-403:52
	android:screenOrientation
		ADDED from src\main\AndroidManifest.xml:403:13-49
	android:name
		ADDED from src\main\AndroidManifest.xml:402:13-53
activity#ccj.yun28.com.mine.ProDetailXSQuPingJiaActivity
ADDED from src\main\AndroidManifest.xml:405:9-407:52
	android:screenOrientation
		ADDED from src\main\AndroidManifest.xml:407:13-49
	android:name
		ADDED from src\main\AndroidManifest.xml:406:13-62
activity#ccj.yun28.com.mine.XiaofeiMaidanDetailActivity
ADDED from src\main\AndroidManifest.xml:409:9-411:52
	android:screenOrientation
		ADDED from src\main\AndroidManifest.xml:411:13-49
	android:name
		ADDED from src\main\AndroidManifest.xml:410:13-61
activity#ccj.yun28.com.mine.TuiKuanDinDanDetailActivity
ADDED from src\main\AndroidManifest.xml:413:9-415:52
	android:screenOrientation
		ADDED from src\main\AndroidManifest.xml:415:13-49
	android:name
		ADDED from src\main\AndroidManifest.xml:414:13-61
activity#ccj.yun28.com.mine.SettingActivtiy
ADDED from src\main\AndroidManifest.xml:417:9-419:52
	android:screenOrientation
		ADDED from src\main\AndroidManifest.xml:419:13-49
	android:name
		ADDED from src\main\AndroidManifest.xml:418:13-49
activity#ccj.yun28.com.mine.NewSettingActivtiy
ADDED from src\main\AndroidManifest.xml:420:9-422:52
	android:screenOrientation
		ADDED from src\main\AndroidManifest.xml:422:13-49
	android:name
		ADDED from src\main\AndroidManifest.xml:421:13-52
activity#ccj.yun28.com.mine.ZhangHuGuanLianActivtiy
ADDED from src\main\AndroidManifest.xml:424:9-426:52
	android:screenOrientation
		ADDED from src\main\AndroidManifest.xml:426:13-49
	android:name
		ADDED from src\main\AndroidManifest.xml:425:13-57
activity#ccj.yun28.com.mine.SettingInfoActivtiy
ADDED from src\main\AndroidManifest.xml:428:9-430:52
	android:screenOrientation
		ADDED from src\main\AndroidManifest.xml:430:13-49
	android:name
		ADDED from src\main\AndroidManifest.xml:429:13-53
activity#ccj.yun28.com.mine.NewSettingInfoActivtiy
ADDED from src\main\AndroidManifest.xml:431:9-433:52
	android:screenOrientation
		ADDED from src\main\AndroidManifest.xml:433:13-49
	android:name
		ADDED from src\main\AndroidManifest.xml:432:13-56
activity#ccj.yun28.com.mine.TouXiangActivity
ADDED from src\main\AndroidManifest.xml:435:9-437:52
	android:screenOrientation
		ADDED from src\main\AndroidManifest.xml:437:13-49
	android:name
		ADDED from src\main\AndroidManifest.xml:436:13-50
activity#ccj.yun28.com.mine.NichengActivity
ADDED from src\main\AndroidManifest.xml:439:9-441:52
	android:screenOrientation
		ADDED from src\main\AndroidManifest.xml:441:13-49
	android:name
		ADDED from src\main\AndroidManifest.xml:440:13-49
activity#ccj.yun28.com.mine.AboutWeActivtiy
ADDED from src\main\AndroidManifest.xml:443:9-445:52
	android:screenOrientation
		ADDED from src\main\AndroidManifest.xml:445:13-49
	android:name
		ADDED from src\main\AndroidManifest.xml:444:13-49
activity#ccj.yun28.com.mine.ChooseShengShiQuActicity
ADDED from src\main\AndroidManifest.xml:447:9-449:52
	android:screenOrientation
		ADDED from src\main\AndroidManifest.xml:449:13-49
	android:name
		ADDED from src\main\AndroidManifest.xml:448:13-58
activity#ccj.yun28.com.mine.ZhangHuAndSafeActivtiy
ADDED from src\main\AndroidManifest.xml:451:9-453:52
	android:screenOrientation
		ADDED from src\main\AndroidManifest.xml:453:13-49
	android:name
		ADDED from src\main\AndroidManifest.xml:452:13-56
activity#ccj.yun28.com.mine.LoginMiMaActivity
ADDED from src\main\AndroidManifest.xml:455:9-457:52
	android:screenOrientation
		ADDED from src\main\AndroidManifest.xml:457:13-49
	android:name
		ADDED from src\main\AndroidManifest.xml:456:13-51
activity#ccj.yun28.com.mine.SetLoginmimaActivity
ADDED from src\main\AndroidManifest.xml:458:9-460:52
	android:screenOrientation
		ADDED from src\main\AndroidManifest.xml:460:13-49
	android:name
		ADDED from src\main\AndroidManifest.xml:459:13-54
activity#ccj.yun28.com.mine.ShezhiPayMiMaActivity
ADDED from src\main\AndroidManifest.xml:462:9-464:52
	android:screenOrientation
		ADDED from src\main\AndroidManifest.xml:464:13-49
	android:name
		ADDED from src\main\AndroidManifest.xml:463:13-55
activity#ccj.yun28.com.mine.SetPaymimaActivity
ADDED from src\main\AndroidManifest.xml:465:9-467:52
	android:screenOrientation
		ADDED from src\main\AndroidManifest.xml:467:13-49
	android:name
		ADDED from src\main\AndroidManifest.xml:466:13-52
activity#ccj.yun28.com.mine.XiuGaiPayMiMaActivity
ADDED from src\main\AndroidManifest.xml:469:9-471:52
	android:screenOrientation
		ADDED from src\main\AndroidManifest.xml:471:13-49
	android:name
		ADDED from src\main\AndroidManifest.xml:470:13-55
activity#ccj.yun28.com.mine.WangJiPayMiMaActivity
ADDED from src\main\AndroidManifest.xml:473:9-475:52
	android:screenOrientation
		ADDED from src\main\AndroidManifest.xml:475:13-49
	android:name
		ADDED from src\main\AndroidManifest.xml:474:13-55
activity#ccj.yun28.com.mine.FindPayPasswordActivtiy